chips/build/outputs/logs/manifest-merger-release-report.txt
-- Merging decision tree log ---
manifest
ADDED from Devpmms/chips/AndroidManifest.xml:16:1-23:12
INJECTED from Devpmms/chips/AndroidManifest.xml:16:1-23:12
INJECTED from Devpmms/chips/AndroidManifest.xml:16:1-23:12
INJECTED from Devpmms/chips/AndroidManifest.xml:16:1-23:12
INJECTED from Devpmms/chips/AndroidManifest.xml:16:1-23:12
INJECTED from Devpmms/chips/AndroidManifest.xml:16:1-23:12
INJECTED from Devpmms/chips/AndroidManifest.xml:16:1-23:12
	package
		ADDED from Devpmms/chips/AndroidManifest.xml:17:11-41
		INJECTED from Devpmms/chips/AndroidManifest.xml
		INJECTED from Devpmms/chips/AndroidManifest.xml
	android:versionName
		INJECTED from Devpmms/chips/AndroidManifest.xml
		ADDED from Devpmms/chips/AndroidManifest.xml:16:1-23:12
		INJECTED from Devpmms/chips/AndroidManifest.xml
	xmlns:android
		ADDED from Devpmms/chips/AndroidManifest.xml:16:11-69
	android:versionCode
		ADDED from Devpmms/chips/AndroidManifest.xml:18:11-34
		INJECTED from Devpmms/chips/AndroidManifest.xml
		INJECTED from Devpmms/chips/AndroidManifest.xml
application
ADDED from Devpmms/chips/AndroidManifest.xml:21:5-20
uses-sdk
INJECTED from Devpmms/chips/AndroidManifest.xml reason: use-sdk injection requested
INJECTED from Devpmms/chips/AndroidManifest.xml
INJECTED from Devpmms/chips/AndroidManifest.xml
INJECTED from Devpmms/chips/AndroidManifest.xml
INJECTED from Devpmms/chips/AndroidManifest.xml
	android:targetSdkVersion
		INJECTED from Devpmms/chips/AndroidManifest.xml
		ADDED from Devpmms/chips/AndroidManifest.xml
		INJECTED from Devpmms/chips/AndroidManifest.xml
	android:minSdkVersion
		INJECTED from Devpmms/chips/AndroidManifest.xml
		ADDED from Devpmms/chips/AndroidManifest.xml
		INJECTED from Devpmms/chips/AndroidManifest.xml